<?xml version="1.0" encoding="UTF-8"?>
<!-- Generated by org.testng.reporters.JUnitReportReporter -->
<testsuite hostname="LAPTOP-8DMJNPKO" failures="0" tests="1" name="regressiontests.NewTest" time="0.312" errors="0" timestamp="2021-11-27T13:00:31 EST" skipped="0">
  <testcase classname="regressiontests.NewTest" name="f" time="0.312"/>
  <system-out/>
</testsuite> <!-- regressiontests.NewTest -->
